RCT license for Modeler has been checked out. Server: beleuengin15 Expires: 31-oct-2022
HEEDS|mdo version 2021.2.0 build 211021
Copyright (c) 2021 Siemens Digital Industries Software Inc. All rights reserved.

------------------------------------------------------------
Opening project from 'D:/YURUIDU/DRF_Simulation/Param_Estimation/Param_Estimation/planning/param_est_heeds/param_est_heeds.heeds'...
Successfully opened project data from 'D:/YURUIDU/DRF_Simulation/Param_Estimation/Param_Estimation/planning/param_est_heeds/param_est_heeds.heeds'.
Study input files have been written to D:/YURUIDU/DRF_Simulation/Param_Estimation/Param_Estimation/planning/param_est_heeds/param_est_heeds_Study_1.
C:\HEEDS\MDO\Ver2021.2\Win64\solver\heeds.exe i=Study_1.in  overwrite
ERROR: The study run ended with error code -123.
ERROR: The study 'Study_1' is finished but encountered errors during execution.
NOTE: Archive file successfully created. 
D:\YURUIDU\DRF_Simulation\Param_Estimation\Param_Estimation\planning\param_est_heeds\param_est_heeds_2022-01-12_a.7z
Study input files have been written to D:/YURUIDU/DRF_Simulation/Param_Estimation/Param_Estimation/planning/param_est_heeds/param_est_heeds_Study_1.
C:\HEEDS\MDO\Ver2021.2\Win64\solver\heeds.exe i=Study_1.in  overwrite
Saving project to 'D:/YURUIDU/DRF_Simulation/Param_Estimation/Param_Estimation/planning/param_est_heeds/param_est_heeds.heeds'...
Successfully saved the project to 'D:/YURUIDU/DRF_Simulation/Param_Estimation/Param_Estimation/planning/param_est_heeds/param_est_heeds.heeds'.
ERROR: The study run ended with error code -123.
ERROR: The study 'Study_1' is finished but encountered errors during execution.

------------------------------------------------------------
Opening project from 'D:/YURUIDU/DRF_Simulation/Param_Estimation/Param_Estimation/planning/param_est_heeds/param_est_inner_heeds.heeds'...
Successfully opened project data from 'D:/YURUIDU/DRF_Simulation/Param_Estimation/Param_Estimation/planning/param_est_heeds/param_est_inner_heeds.heeds'.
Saving project to 'D:/YURUIDU/DRF_Simulation/Param_Estimation/Param_Estimation/planning/param_est_heeds/param_est_heeds.heeds'...
Successfully saved the project to 'D:/YURUIDU/DRF_Simulation/Param_Estimation/Param_Estimation/planning/param_est_heeds/param_est_heeds.heeds'.
Study input files have been written to D:/YURUIDU/DRF_Simulation/Param_Estimation/Param_Estimation/planning/param_est_heeds/param_est_heeds_Study_1.
C:\HEEDS\MDO\Ver2021.2\Win64\solver\heeds.exe i=Study_1.in  overwrite
ERROR: The study run ended with error code -123.
ERROR: The study 'Study_1' is finished but encountered errors during execution.
Saving project to 'D:/YURUIDU/DRF_Simulation/Param_Estimation/Param_Estimation/planning/param_est_heeds/param_est_heeds.heeds'...
Successfully saved the project to 'D:/YURUIDU/DRF_Simulation/Param_Estimation/Param_Estimation/planning/param_est_heeds/param_est_heeds.heeds'.
NOTE: Archive file successfully created. 
C:\Users\q8xeup\Desktop\param_est_heeds_20220112.zip
The name may only contain alphanumeric and underscore characters, and may not start with a number.
Please enter a unique name.
Saving project to 'D:/YURUIDU/DRF_Simulation/Param_Estimation/Param_Estimation/planning/heedstest20200112/heeds_inner.heeds'...
Successfully saved the project to 'D:/YURUIDU/DRF_Simulation/Param_Estimation/Param_Estimation/planning/heedstest20200112/heeds_inner.heeds'.
Saving project to 'D:/YURUIDU/DRF_Simulation/Param_Estimation/Param_Estimation/planning/heedstest20200112/heeds_inner.heeds'...
Successfully saved the project to 'D:/YURUIDU/DRF_Simulation/Param_Estimation/Param_Estimation/planning/heedstest20200112/heeds_inner.heeds'.
Saving project to 'D:/YURUIDU/DRF_Simulation/Param_Estimation/Param_Estimation/planning/heedstest20200112/heeds_global.heeds'...
Successfully saved the project to 'D:/YURUIDU/DRF_Simulation/Param_Estimation/Param_Estimation/planning/heedstest20200112/heeds_global.heeds'.
Saving project to 'D:/YURUIDU/DRF_Simulation/Param_Estimation/Param_Estimation/planning/heedstest20200112/heeds_global.heeds'...
Successfully saved the project to 'D:/YURUIDU/DRF_Simulation/Param_Estimation/Param_Estimation/planning/heedstest20200112/heeds_global.heeds'.
Study input files have been written to D:/YURUIDU/DRF_Simulation/Param_Estimation/Param_Estimation/planning/heedstest20200112/heeds_global_Study_1.
C:\HEEDS\MDO\Ver2021.2\Win64\solver\heeds.exe i=Study_1.in  overwrite
ERROR: The study run ended with error code -123.
ERROR: The study 'Study_1' is finished but encountered errors during execution.
Study input files have been written to D:/YURUIDU/DRF_Simulation/Param_Estimation/Param_Estimation/planning/heedstest20200112/heeds_inner_Study_1.
C:\HEEDS\MDO\Ver2021.2\Win64\solver\heeds.exe i=Study_1.in overwrite
ERROR: The study run ended with error code -123.
ERROR: The study 'Study_1' is finished but encountered errors during execution.
Saving project to 'D:/YURUIDU/DRF_Simulation/Param_Estimation/Param_Estimation/planning/heedstest20200112/heeds_inner.heeds'...
Successfully saved the project to 'D:/YURUIDU/DRF_Simulation/Param_Estimation/Param_Estimation/planning/heedstest20200112/heeds_inner.heeds'.
Saving project to 'D:/YURUIDU/DRF_Simulation/Param_Estimation/Param_Estimation/planning/heedstest20200112/heeds_global.heeds'...
Successfully saved the project to 'D:/YURUIDU/DRF_Simulation/Param_Estimation/Param_Estimation/planning/heedstest20200112/heeds_global.heeds'.
Study input files have been written to D:/YURUIDU/DRF_Simulation/Param_Estimation/Param_Estimation/planning/heedstest20200112/heeds_global_Study_1.
WARNING: The nested study 'Study_1' has results. This may cause shared licensing to be disabled. For best results unlock the nested study before running the top-level study.
C:\HEEDS\MDO\Ver2021.2\Win64\solver\heeds.exe i=Study_1.in  overwrite
ERROR: The study run ended with error code -123.
ERROR: The study 'Study_1' is finished but encountered errors during execution.
Saving project to 'D:/YURUIDU/DRF_Simulation/Param_Estimation/Param_Estimation/planning/heedstest20200112/heeds_global.heeds'...
Successfully saved the project to 'D:/YURUIDU/DRF_Simulation/Param_Estimation/Param_Estimation/planning/heedstest20200112/heeds_global.heeds'.

------------------------------------------------------------
Opening project from 'D:/YURUIDU/DRF_Simulation/Param_Estimation/Param_Estimation/planning/heedstest20220111/test_global.heeds'...
Successfully opened project data from 'D:/YURUIDU/DRF_Simulation/Param_Estimation/Param_Estimation/planning/heedstest20220111/test_global.heeds'.

------------------------------------------------------------
Opening project from 'D:/YURUIDU/DRF_Simulation/Param_Estimation/Param_Estimation/planning/heedstest20220111/test_inner.heeds'...
Successfully opened project data from 'D:/YURUIDU/DRF_Simulation/Param_Estimation/Param_Estimation/planning/heedstest20220111/test_inner.heeds'.
Saving project to 'D:/YURUIDU/DRF_Simulation/Param_Estimation/Param_Estimation/planning/heedstest20200112/heeds_inner.heeds'...
Successfully saved the project to 'D:/YURUIDU/DRF_Simulation/Param_Estimation/Param_Estimation/planning/heedstest20200112/heeds_inner.heeds'.
Study input files have been written to D:/YURUIDU/DRF_Simulation/Param_Estimation/Param_Estimation/planning/heedstest20200112/heeds_global_Study_1.
C:\HEEDS\MDO\Ver2021.2\Win64\solver\heeds.exe i=Study_1.in  overwrite
The study 'Study_1' has successfully completed execution.
Saving project to 'D:/YURUIDU/DRF_Simulation/Param_Estimation/Param_Estimation/planning/heedstest20200112/heeds_inner.heeds'...
Successfully saved the project to 'D:/YURUIDU/DRF_Simulation/Param_Estimation/Param_Estimation/planning/heedstest20200112/heeds_inner.heeds'.
Study input files have been written to D:/YURUIDU/DRF_Simulation/Param_Estimation/Param_Estimation/planning/heedstest20200112/heeds_global_Study_1.
C:\HEEDS\MDO\Ver2021.2\Win64\solver\heeds.exe i=Study_1.in  overwrite
The study 'Study_1' has successfully completed execution.
Study input files have been written to D:/YURUIDU/DRF_Simulation/Param_Estimation/Param_Estimation/planning/param_est_heeds/param_est_heeds_Study_1.
C:\HEEDS\MDO\Ver2021.2\Win64\solver\heeds.exe i=Study_1.in  overwrite
ERROR: The study run ended with error code -123.
ERROR: The study 'Study_1' is finished but encountered errors during execution.
Saving project to 'D:/YURUIDU/DRF_Simulation/Param_Estimation/Param_Estimation/planning/heedstest20200112/heeds_global.heeds'...
Successfully saved the project to 'D:/YURUIDU/DRF_Simulation/Param_Estimation/Param_Estimation/planning/heedstest20200112/heeds_global.heeds'.
Study input files have been written to D:/YURUIDU/DRF_Simulation/Param_Estimation/Param_Estimation/planning/heedstest20200112/heeds_global_Study_1.
C:\HEEDS\MDO\Ver2021.2\Win64\solver\heeds.exe i=Study_1.in  overwrite
The study 'Study_1' has successfully completed execution.
Saving project to 'D:/YURUIDU/DRF_Simulation/Param_Estimation/Param_Estimation/planning/heedstest20200112/heeds_global.heeds'...
Successfully saved the project to 'D:/YURUIDU/DRF_Simulation/Param_Estimation/Param_Estimation/planning/heedstest20200112/heeds_global.heeds'.
Saving project to 'D:/YURUIDU/DRF_Simulation/Param_Estimation/Param_Estimation/planning/heedstest20200112/heeds_inner.heeds'...
Successfully saved the project to 'D:/YURUIDU/DRF_Simulation/Param_Estimation/Param_Estimation/planning/heedstest20200112/heeds_inner.heeds'.
Saving project to 'D:/YURUIDU/DRF_Simulation/Param_Estimation/Param_Estimation/planning/heedstest20200112/heeds_global.heeds'...
Successfully saved the project to 'D:/YURUIDU/DRF_Simulation/Param_Estimation/Param_Estimation/planning/heedstest20200112/heeds_global.heeds'.
Study input files have been written to D:/YURUIDU/DRF_Simulation/Param_Estimation/Param_Estimation/planning/heedstest20200112/heeds_global_Study_1.
C:\HEEDS\MDO\Ver2021.2\Win64\solver\heeds.exe i=Study_1.in  overwrite
The study 'Study_1' has successfully completed execution.
Saving project to 'D:/YURUIDU/DRF_Simulation/Param_Estimation/Param_Estimation/planning/heedstest20200112/heeds_global.heeds'...
Successfully saved the project to 'D:/YURUIDU/DRF_Simulation/Param_Estimation/Param_Estimation/planning/heedstest20200112/heeds_global.heeds'.
Saving project to 'D:/YURUIDU/DRF_Simulation/Param_Estimation/Param_Estimation/planning/param_est_heeds/param_est_heeds.heeds'...
Successfully saved the project to 'D:/YURUIDU/DRF_Simulation/Param_Estimation/Param_Estimation/planning/param_est_heeds/param_est_heeds.heeds'.
Study input files have been written to D:/YURUIDU/DRF_Simulation/Param_Estimation/Param_Estimation/planning/param_est_heeds/param_est_heeds_Study_1.
C:\HEEDS\MDO\Ver2021.2\Win64\solver\heeds.exe i=Study_1.in  overwrite
ERROR: The study run ended with error code -123.
ERROR: The study 'Study_1' is finished but encountered errors during execution.
Study input files have been written to D:/YURUIDU/DRF_Simulation/Param_Estimation/Param_Estimation/planning/param_est_heeds/param_est_inner_heeds_Study_1.
C:\HEEDS\MDO\Ver2021.2\Win64\solver\heeds.exe i=Study_1.in overwrite
The study 'Study_1' has successfully completed execution.
Saving project to 'D:/YURUIDU/DRF_Simulation/Param_Estimation/Param_Estimation/planning/param_est_heeds/param_est_heeds.heeds'...
Successfully saved the project to 'D:/YURUIDU/DRF_Simulation/Param_Estimation/Param_Estimation/planning/param_est_heeds/param_est_heeds.heeds'.
Study input files have been written to D:/YURUIDU/DRF_Simulation/Param_Estimation/Param_Estimation/planning/param_est_heeds/param_est_heeds_Study_1.
C:\HEEDS\MDO\Ver2021.2\Win64\solver\heeds.exe i=Study_1.in  overwrite
The study 'Study_1' has successfully completed execution.
Saving project to 'D:/YURUIDU/DRF_Simulation/Param_Estimation/Param_Estimation/planning/param_est_heeds/param_est_inner_heeds.heeds'...
Successfully saved the project to 'D:/YURUIDU/DRF_Simulation/Param_Estimation/Param_Estimation/planning/param_est_heeds/param_est_inner_heeds.heeds'.
Saving project to 'D:/YURUIDU/DRF_Simulation/Param_Estimation/Param_Estimation/planning/param_est_heeds/param_est_heeds.heeds'...
Successfully saved the project to 'D:/YURUIDU/DRF_Simulation/Param_Estimation/Param_Estimation/planning/param_est_heeds/param_est_heeds.heeds'.
Study input files have been written to D:/YURUIDU/DRF_Simulation/Param_Estimation/Param_Estimation/planning/param_est_heeds/param_est_heeds_Study_1.
WARNING: The nested study 'Study_1' has results. This may cause shared licensing to be disabled. For best results unlock the nested study before running the top-level study.
C:\HEEDS\MDO\Ver2021.2\Win64\solver\heeds.exe i=Study_1.in  overwrite
ERROR: The study run ended with error code -123.
ERROR: The study 'Study_1' is finished but encountered errors during execution.
Study input files have been written to D:/YURUIDU/DRF_Simulation/Param_Estimation/Param_Estimation/planning/param_est_heeds/param_est_inner_heeds_Study_1.
C:\HEEDS\MDO\Ver2021.2\Win64\solver\heeds.exe i=Study_1.in overwrite
The study 'Study_1' has successfully completed execution.
Saving project to 'D:/YURUIDU/DRF_Simulation/Param_Estimation/Param_Estimation/planning/param_est_heeds/param_est_inner_heeds.heeds'...
Successfully saved the project to 'D:/YURUIDU/DRF_Simulation/Param_Estimation/Param_Estimation/planning/param_est_heeds/param_est_inner_heeds.heeds'.
Saving project to 'D:/YURUIDU/DRF_Simulation/Param_Estimation/Param_Estimation/planning/param_est_heeds/param_est_heeds.heeds'...
Successfully saved the project to 'D:/YURUIDU/DRF_Simulation/Param_Estimation/Param_Estimation/planning/param_est_heeds/param_est_heeds.heeds'.
Study input files have been written to D:/YURUIDU/DRF_Simulation/Param_Estimation/Param_Estimation/planning/param_est_heeds/param_est_heeds_Study_1.
WARNING: The nested study 'Study_1' has results. This may cause shared licensing to be disabled. For best results unlock the nested study before running the top-level study.
C:\HEEDS\MDO\Ver2021.2\Win64\solver\heeds.exe i=Study_1.in  overwrite
The study 'Study_1' has successfully completed execution.
Study input files have been written to D:/YURUIDU/DRF_Simulation/Param_Estimation/Param_Estimation/planning/param_est_heeds/param_est_inner_heeds_Study_1.
C:\HEEDS\MDO\Ver2021.2\Win64\solver\heeds.exe i=Study_1.in overwrite
ERROR: The study run ended with error code -123.
ERROR: The study 'Study_1' is finished but encountered errors during execution.
Saving project to 'D:/YURUIDU/DRF_Simulation/Param_Estimation/Param_Estimation/planning/param_est_heeds/param_est_inner_heeds.heeds'...
Successfully saved the project to 'D:/YURUIDU/DRF_Simulation/Param_Estimation/Param_Estimation/planning/param_est_heeds/param_est_inner_heeds.heeds'.
Study input files have been written to D:/YURUIDU/DRF_Simulation/Param_Estimation/Param_Estimation/planning/param_est_heeds/param_est_inner_heeds_Study_1.
C:\HEEDS\MDO\Ver2021.2\Win64\solver\heeds.exe i=Study_1.in overwrite
The study 'Study_1' has successfully completed execution.
WARNING: Data for design(s) 6 is missing in agent Search_1.
Saving project to 'D:/YURUIDU/DRF_Simulation/Param_Estimation/Param_Estimation/planning/param_est_heeds/param_est_inner_heeds.heeds'...
Successfully saved the project to 'D:/YURUIDU/DRF_Simulation/Param_Estimation/Param_Estimation/planning/param_est_heeds/param_est_inner_heeds.heeds'.
Study input files have been written to D:/YURUIDU/DRF_Simulation/Param_Estimation/Param_Estimation/planning/param_est_heeds/param_est_inner_heeds_Study_1.
C:\HEEDS\MDO\Ver2021.2\Win64\solver\heeds.exe i=Study_1.in overwrite
The study 'Study_1' has successfully completed execution.
WARNING: Data for design(s) 5 is missing in agent Search_1.
Saving project to 'D:/YURUIDU/DRF_Simulation/Param_Estimation/Param_Estimation/planning/param_est_heeds/param_est_inner_heeds.heeds'...
Successfully saved the project to 'D:/YURUIDU/DRF_Simulation/Param_Estimation/Param_Estimation/planning/param_est_heeds/param_est_inner_heeds.heeds'.
Study input files have been written to D:/YURUIDU/DRF_Simulation/Param_Estimation/Param_Estimation/planning/param_est_heeds/param_est_inner_heeds_Study_1.
C:\HEEDS\MDO\Ver2021.2\Win64\solver\heeds.exe i=Study_1.in overwrite
ERROR: The study run ended with error code -123.
ERROR: The study 'Study_1' is finished but encountered errors during execution.
Saving project to 'D:/YURUIDU/DRF_Simulation/Param_Estimation/Param_Estimation/planning/param_est_heeds/param_est_inner_heeds.heeds'...
Successfully saved the project to 'D:/YURUIDU/DRF_Simulation/Param_Estimation/Param_Estimation/planning/param_est_heeds/param_est_inner_heeds.heeds'.
Saving project to 'D:/YURUIDU/DRF_Simulation/Param_Estimation/Param_Estimation/planning/param_est_heeds/param_est_inner_heeds.heeds'...
Successfully saved the project to 'D:/YURUIDU/DRF_Simulation/Param_Estimation/Param_Estimation/planning/param_est_heeds/param_est_inner_heeds.heeds'.
Study input files have been written to D:/YURUIDU/DRF_Simulation/Param_Estimation/Param_Estimation/planning/param_est_heeds/param_est_inner_heeds_Study_1.
C:\HEEDS\MDO\Ver2021.2\Win64\solver\heeds.exe i=Study_1.in overwrite
ERROR: The study run ended with error code -123.
ERROR: The study 'Study_1' is finished but encountered errors during execution.
Saving project to 'D:/YURUIDU/DRF_Simulation/Param_Estimation/Param_Estimation/planning/param_est_heeds/param_est_inner_heeds.heeds'...
Successfully saved the project to 'D:/YURUIDU/DRF_Simulation/Param_Estimation/Param_Estimation/planning/param_est_heeds/param_est_inner_heeds.heeds'.
Study input files have been written to D:/YURUIDU/DRF_Simulation/Param_Estimation/Param_Estimation/planning/param_est_heeds/param_est_inner_heeds_Study_1.
C:\HEEDS\MDO\Ver2021.2\Win64\solver\heeds.exe i=Study_1.in overwrite
The study 'Study_1' has successfully completed execution.
WARNING: Data for design(s) 3 is missing in agent Search_1.
Saving project to 'D:/YURUIDU/DRF_Simulation/Param_Estimation/Param_Estimation/planning/param_est_heeds/param_est_heeds.heeds'...
Successfully saved the project to 'D:/YURUIDU/DRF_Simulation/Param_Estimation/Param_Estimation/planning/param_est_heeds/param_est_heeds.heeds'.
Study input files have been written to D:/YURUIDU/DRF_Simulation/Param_Estimation/Param_Estimation/planning/param_est_heeds/param_est_heeds_Study_1.
WARNING: The nested study 'Study_1' has results. This may cause shared licensing to be disabled. For best results unlock the nested study before running the top-level study.
C:\HEEDS\MDO\Ver2021.2\Win64\solver\heeds.exe i=Study_1.in  overwrite
The study 'Study_1' has successfully completed execution.
Saving project to 'D:/YURUIDU/DRF_Simulation/Param_Estimation/Param_Estimation/planning/param_est_heeds/param_est_inner_heeds.heeds'...
Successfully saved the project to 'D:/YURUIDU/DRF_Simulation/Param_Estimation/Param_Estimation/planning/param_est_heeds/param_est_inner_heeds.heeds'.
Study input files have been written to D:/YURUIDU/DRF_Simulation/Param_Estimation/Param_Estimation/planning/param_est_heeds/param_est_inner_heeds_Study_1.
C:\HEEDS\MDO\Ver2021.2\Win64\solver\heeds.exe i=Study_1.in overwrite
The study 'Study_1' has successfully completed execution.
WARNING: Data for design(s) 4 is missing in agent Search_1.
Saving project to 'D:/YURUIDU/DRF_Simulation/Param_Estimation/Param_Estimation/planning/param_est_heeds/param_est_inner_heeds.heeds'...
Successfully saved the project to 'D:/YURUIDU/DRF_Simulation/Param_Estimation/Param_Estimation/planning/param_est_heeds/param_est_inner_heeds.heeds'.
Saving project to 'D:/YURUIDU/DRF_Simulation/Param_Estimation/Param_Estimation/planning/param_est_heeds/param_est_heeds.heeds'...
Successfully saved the project to 'D:/YURUIDU/DRF_Simulation/Param_Estimation/Param_Estimation/planning/param_est_heeds/param_est_heeds.heeds'.
Study input files have been written to D:/YURUIDU/DRF_Simulation/Param_Estimation/Param_Estimation/planning/param_est_heeds/param_est_heeds_Study_1.
WARNING: The nested study 'Study_1' has results. This may cause shared licensing to be disabled. For best results unlock the nested study before running the top-level study.
C:\HEEDS\MDO\Ver2021.2\Win64\solver\heeds.exe i=Study_1.in  overwrite
The study 'Study_1' has successfully completed execution.
Saving project to 'D:/YURUIDU/DRF_Simulation/Param_Estimation/Param_Estimation/planning/param_est_heeds/param_est_heeds.heeds'...
Successfully saved the project to 'D:/YURUIDU/DRF_Simulation/Param_Estimation/Param_Estimation/planning/param_est_heeds/param_est_heeds.heeds'.
Unable to save the image to 'D:/YURUIDU/DRF_Simulation/Param_Estimation/Param_Estimation/planning/param_est_heeds/param_est_heeds Study_1 MDO_2 Image.pdf'.
Saved the view image to 'D:/YURUIDU/DRF_Simulation/Param_Estimation/Param_Estimation/planning/param_est_heeds/param_est_heeds Study_1 MDO_2 Image.png'.
MEY_out_all design data exported to D:/YURUIDU/DRF_Simulation/Param_Estimation/Param_Estimation/planning/param_est_heeds/Study_1 MEY_out_all.csv.
MEY_out design data exported to D:/YURUIDU/DRF_Simulation/Param_Estimation/Param_Estimation/planning/param_est_heeds/Study_1 MEY_out.csv.
Study input files have been written to D:/YURUIDU/DRF_Simulation/Param_Estimation/Param_Estimation/planning/param_est_heeds/param_est_inner_heeds_Study_1.
C:\HEEDS\MDO\Ver2021.2\Win64\solver\heeds.exe i=Study_1.in backupDir=RESULTS_BACKUP_0_0_13-01-22_140631PM
The study 'Study_1' has successfully completed execution.
'Design Table' is reserved. Please enter a unique name.
Saving project to 'D:/YURUIDU/DRF_Simulation/Param_Estimation/Param_Estimation/planning/param_est_heeds/param_est_heeds.heeds'...
Successfully saved the project to 'D:/YURUIDU/DRF_Simulation/Param_Estimation/Param_Estimation/planning/param_est_heeds/param_est_heeds.heeds'.
